{"C:\\Users\\USER\\javascript-training\\week_6_part_1\\ProductList.js": {"path":"C:\\Users\\USER\\javascript-training\\week_6_part_1\\ProductList.js","statementMap":{"0":{"start":{"line":1,"column":14},"end":{"line":1,"column":32}},"1":{"start":{"line":2,"column":13},"end":{"line":2,"column":29}},"2":{"start":{"line":3,"column":12},"end":{"line":3,"column":36}},"3":{"start":{"line":4,"column":19},"end":{"line":4,"column":41}},"4":{"start":{"line":5,"column":0},"end":{"line":5,"column":27}},"5":{"start":{"line":7,"column":0},"end":{"line":9,"column":3}},"6":{"start":{"line":8,"column":6},"end":{"line":8,"column":23}},"7":{"start":{"line":11,"column":0},"end":{"line":17,"column":3}},"8":{"start":{"line":12,"column":15},"end":{"line":12,"column":33}},"9":{"start":{"line":13,"column":4},"end":{"line":16,"column":6}},"10":{"start":{"line":14,"column":8},"end":{"line":14,"column":30}},"11":{"start":{"line":14,"column":18},"end":{"line":14,"column":30}},"12":{"start":{"line":15,"column":8},"end":{"line":15,"column":41}},"13":{"start":{"line":19,"column":0},"end":{"line":45,"column":6}},"14":{"start":{"line":21,"column":8},"end":{"line":24,"column":10}},"15":{"start":{"line":22,"column":12},"end":{"line":22,"column":34}},"16":{"start":{"line":22,"column":22},"end":{"line":22,"column":34}},"17":{"start":{"line":23,"column":12},"end":{"line":23,"column":45}},"18":{"start":{"line":27,"column":8},"end":{"line":38,"column":9}},"19":{"start":{"line":28,"column":12},"end":{"line":31,"column":18}},"20":{"start":{"line":29,"column":16},"end":{"line":29,"column":38}},"21":{"start":{"line":29,"column":26},"end":{"line":29,"column":38}},"22":{"start":{"line":30,"column":16},"end":{"line":30,"column":49}},"23":{"start":{"line":33,"column":23},"end":{"line":33,"column":41}},"24":{"start":{"line":34,"column":12},"end":{"line":37,"column":14}},"25":{"start":{"line":35,"column":12},"end":{"line":35,"column":34}},"26":{"start":{"line":35,"column":22},"end":{"line":35,"column":34}},"27":{"start":{"line":36,"column":12},"end":{"line":36,"column":45}},"28":{"start":{"line":41,"column":8},"end":{"line":44,"column":10}},"29":{"start":{"line":42,"column":12},"end":{"line":42,"column":34}},"30":{"start":{"line":42,"column":22},"end":{"line":42,"column":34}},"31":{"start":{"line":43,"column":12},"end":{"line":43,"column":45}},"32":{"start":{"line":47,"column":0},"end":{"line":47,"column":24}}},"fnMap":{"0":{"name":"(anonymous_0)","decl":{"start":{"line":7,"column":16},"end":{"line":7,"column":17}},"loc":{"start":{"line":7,"column":35},"end":{"line":9,"column":1}},"line":7},"1":{"name":"(anonymous_1)","decl":{"start":{"line":11,"column":27},"end":{"line":11,"column":28}},"loc":{"start":{"line":11,"column":46},"end":{"line":17,"column":1}},"line":11},"2":{"name":"(anonymous_2)","decl":{"start":{"line":13,"column":85},"end":{"line":13,"column":86}},"loc":{"start":{"line":13,"column":103},"end":{"line":16,"column":5}},"line":13},"3":{"name":"(anonymous_3)","decl":{"start":{"line":20,"column":28},"end":{"line":20,"column":29}},"loc":{"start":{"line":20,"column":41},"end":{"line":25,"column":5}},"line":20},"4":{"name":"(anonymous_4)","decl":{"start":{"line":21,"column":93},"end":{"line":21,"column":94}},"loc":{"start":{"line":21,"column":111},"end":{"line":24,"column":9}},"line":21},"5":{"name":"(anonymous_5)","decl":{"start":{"line":26,"column":31},"end":{"line":26,"column":32}},"loc":{"start":{"line":26,"column":44},"end":{"line":39,"column":5}},"line":26},"6":{"name":"(anonymous_6)","decl":{"start":{"line":28,"column":92},"end":{"line":28,"column":93}},"loc":{"start":{"line":28,"column":110},"end":{"line":31,"column":17}},"line":28},"7":{"name":"(anonymous_7)","decl":{"start":{"line":34,"column":133},"end":{"line":34,"column":134}},"loc":{"start":{"line":34,"column":151},"end":{"line":37,"column":13}},"line":34},"8":{"name":"(anonymous_8)","decl":{"start":{"line":40,"column":33},"end":{"line":40,"column":34}},"loc":{"start":{"line":40,"column":46},"end":{"line":45,"column":5}},"line":40},"9":{"name":"(anonymous_9)","decl":{"start":{"line":41,"column":135},"end":{"line":41,"column":136}},"loc":{"start":{"line":41,"column":153},"end":{"line":44,"column":9}},"line":41}},"branchMap":{"0":{"loc":{"start":{"line":14,"column":8},"end":{"line":14,"column":30}},"type":"if","locations":[{"start":{"line":14,"column":8},"end":{"line":14,"column":30}},{"start":{},"end":{}}],"line":14},"1":{"loc":{"start":{"line":22,"column":12},"end":{"line":22,"column":34}},"type":"if","locations":[{"start":{"line":22,"column":12},"end":{"line":22,"column":34}},{"start":{},"end":{}}],"line":22},"2":{"loc":{"start":{"line":27,"column":8},"end":{"line":38,"column":9}},"type":"if","locations":[{"start":{"line":27,"column":8},"end":{"line":38,"column":9}},{"start":{"line":32,"column":13},"end":{"line":38,"column":9}}],"line":27},"3":{"loc":{"start":{"line":29,"column":16},"end":{"line":29,"column":38}},"type":"if","locations":[{"start":{"line":29,"column":16},"end":{"line":29,"column":38}},{"start":{},"end":{}}],"line":29},"4":{"loc":{"start":{"line":35,"column":12},"end":{"line":35,"column":34}},"type":"if","locations":[{"start":{"line":35,"column":12},"end":{"line":35,"column":34}},{"start":{},"end":{}}],"line":35},"5":{"loc":{"start":{"line":42,"column":12},"end":{"line":42,"column":34}},"type":"if","locations":[{"start":{"line":42,"column":12},"end":{"line":42,"column":34}},{"start":{},"end":{}}],"line":42}},"s":{"0":1,"1":1,"2":1,"3":1,"4":1,"5":1,"6":0,"7":1,"8":1,"9":1,"10":1,"11":1,"12":0,"13":1,"14":1,"15":1,"16":1,"17":0,"18":1,"19":0,"20":0,"21":0,"22":0,"23":1,"24":1,"25":1,"26":1,"27":0,"28":0,"29":0,"30":0,"31":0,"32":1},"f":{"0":0,"1":1,"2":1,"3":1,"4":1,"5":1,"6":0,"7":1,"8":0,"9":0},"b":{"0":[1,0],"1":[1,0],"2":[0,1],"3":[0,0],"4":[1,0],"5":[0,0]},"_coverageSchema":"1a1c01bbd47fc00a2c39e90264f33305004495a9","hash":"f41409003d81f72def2f52079de2ba8fcbfed826"}
,"C:\\Users\\USER\\javascript-training\\week_6_part_1\\app.js": {"path":"C:\\Users\\USER\\javascript-training\\week_6_part_1\\app.js","statementMap":{"0":{"start":{"line":1,"column":16},"end":{"line":1,"column":34}},"1":{"start":{"line":2,"column":12},"end":{"line":2,"column":21}},"2":{"start":{"line":3,"column":13},"end":{"line":3,"column":28}},"3":{"start":{"line":4,"column":12},"end":{"line":4,"column":39}},"4":{"start":{"line":5,"column":23},"end":{"line":5,"column":49}},"5":{"start":{"line":6,"column":17},"end":{"line":6,"column":37}},"6":{"start":{"line":7,"column":16},"end":{"line":7,"column":35}},"7":{"start":{"line":9,"column":0},"end":{"line":9,"column":24}},"8":{"start":{"line":10,"column":0},"end":{"line":10,"column":16}},"9":{"start":{"line":11,"column":0},"end":{"line":11,"column":31}},"10":{"start":{"line":12,"column":0},"end":{"line":12,"column":46}},"11":{"start":{"line":14,"column":0},"end":{"line":14,"column":31}},"12":{"start":{"line":15,"column":0},"end":{"line":15,"column":26}},"13":{"start":{"line":16,"column":0},"end":{"line":16,"column":30}},"14":{"start":{"line":17,"column":0},"end":{"line":17,"column":24}},"15":{"start":{"line":18,"column":0},"end":{"line":18,"column":23}},"16":{"start":{"line":20,"column":0},"end":{"line":22,"column":3}},"17":{"start":{"line":21,"column":4},"end":{"line":21,"column":47}},"18":{"start":{"line":24,"column":0},"end":{"line":24,"column":21}}},"fnMap":{"0":{"name":"(anonymous_0)","decl":{"start":{"line":20,"column":17},"end":{"line":20,"column":18}},"loc":{"start":{"line":20,"column":23},"end":{"line":22,"column":1}},"line":20}},"branchMap":{},"s":{"0":1,"1":1,"2":1,"3":1,"4":1,"5":1,"6":1,"7":1,"8":1,"9":1,"10":1,"11":1,"12":1,"13":1,"14":1,"15":1,"16":1,"17":1,"18":1},"f":{"0":1},"b":{},"_coverageSchema":"1a1c01bbd47fc00a2c39e90264f33305004495a9","hash":"e781fc43c5261dd4b18f6cd9cfff7a1d7bbf24e9"}
,"C:\\Users\\USER\\javascript-training\\week_6_part_1\\database.js": {"path":"C:\\Users\\USER\\javascript-training\\week_6_part_1\\database.js","statementMap":{"0":{"start":{"line":1,"column":12},"end":{"line":1,"column":28}},"1":{"start":{"line":2,"column":0},"end":{"line":2,"column":27}},"2":{"start":{"line":4,"column":10},"end":{"line":9,"column":2}},"3":{"start":{"line":11,"column":0},"end":{"line":11,"column":21}}},"fnMap":{},"branchMap":{},"s":{"0":1,"1":1,"2":1,"3":1},"f":{},"b":{},"_coverageSchema":"1a1c01bbd47fc00a2c39e90264f33305004495a9","hash":"dc7c750bd86ec42250051d3e9765168c7ea58760"}
,"C:\\Users\\USER\\javascript-training\\week_6_part_1\\fileUpload.js": {"path":"C:\\Users\\USER\\javascript-training\\week_6_part_1\\fileUpload.js","statementMap":{"0":{"start":{"line":1,"column":14},"end":{"line":1,"column":32}},"1":{"start":{"line":2,"column":13},"end":{"line":2,"column":29}},"2":{"start":{"line":3,"column":15},"end":{"line":3,"column":32}},"3":{"start":{"line":4,"column":13},"end":{"line":4,"column":28}},"4":{"start":{"line":5,"column":12},"end":{"line":5,"column":36}},"5":{"start":{"line":6,"column":0},"end":{"line":6,"column":27}},"6":{"start":{"line":8,"column":16},"end":{"line":15,"column":2}},"7":{"start":{"line":10,"column":4},"end":{"line":10,"column":19}},"8":{"start":{"line":13,"column":4},"end":{"line":13,"column":58}},"9":{"start":{"line":17,"column":15},"end":{"line":17,"column":41}},"10":{"start":{"line":18,"column":0},"end":{"line":53,"column":6}},"11":{"start":{"line":20,"column":8},"end":{"line":20,"column":37}},"12":{"start":{"line":24,"column":19},"end":{"line":24,"column":32}},"13":{"start":{"line":25,"column":20},"end":{"line":25,"column":34}},"14":{"start":{"line":26,"column":20},"end":{"line":26,"column":34}},"15":{"start":{"line":27,"column":19},"end":{"line":27,"column":32}},"16":{"start":{"line":28,"column":23},"end":{"line":28,"column":36}},"17":{"start":{"line":29,"column":18},"end":{"line":29,"column":30}},"18":{"start":{"line":30,"column":23},"end":{"line":30,"column":40}},"19":{"start":{"line":31,"column":19},"end":{"line":31,"column":32}},"20":{"start":{"line":32,"column":18},"end":{"line":32,"column":66}},"21":{"start":{"line":33,"column":18},"end":{"line":33,"column":19}},"22":{"start":{"line":34,"column":6},"end":{"line":51,"column":10}},"23":{"start":{"line":35,"column":8},"end":{"line":50,"column":9}},"24":{"start":{"line":36,"column":10},"end":{"line":36,"column":144}},"25":{"start":{"line":37,"column":10},"end":{"line":42,"column":12}},"26":{"start":{"line":38,"column":12},"end":{"line":38,"column":34}},"27":{"start":{"line":38,"column":22},"end":{"line":38,"column":34}},"28":{"start":{"line":39,"column":12},"end":{"line":39,"column":38}},"29":{"start":{"line":40,"column":12},"end":{"line":40,"column":29}},"30":{"start":{"line":41,"column":12},"end":{"line":41,"column":110}},"31":{"start":{"line":44,"column":12},"end":{"line":49,"column":12}},"32":{"start":{"line":45,"column":14},"end":{"line":45,"column":36}},"33":{"start":{"line":45,"column":24},"end":{"line":45,"column":36}},"34":{"start":{"line":46,"column":14},"end":{"line":46,"column":40}},"35":{"start":{"line":47,"column":14},"end":{"line":47,"column":31}},"36":{"start":{"line":48,"column":14},"end":{"line":48,"column":112}},"37":{"start":{"line":55,"column":0},"end":{"line":55,"column":24}}},"fnMap":{"0":{"name":"(anonymous_0)","decl":{"start":{"line":9,"column":17},"end":{"line":9,"column":18}},"loc":{"start":{"line":9,"column":42},"end":{"line":11,"column":5}},"line":9},"1":{"name":"(anonymous_1)","decl":{"start":{"line":12,"column":14},"end":{"line":12,"column":15}},"loc":{"start":{"line":12,"column":39},"end":{"line":14,"column":5}},"line":12},"2":{"name":"(anonymous_2)","decl":{"start":{"line":19,"column":32},"end":{"line":19,"column":33}},"loc":{"start":{"line":19,"column":45},"end":{"line":21,"column":9}},"line":19},"3":{"name":"(anonymous_3)","decl":{"start":{"line":23,"column":54},"end":{"line":23,"column":55}},"loc":{"start":{"line":23,"column":67},"end":{"line":53,"column":5}},"line":23},"4":{"name":"(anonymous_4)","decl":{"start":{"line":34,"column":63},"end":{"line":34,"column":64}},"loc":{"start":{"line":34,"column":84},"end":{"line":51,"column":9}},"line":34},"5":{"name":"(anonymous_5)","decl":{"start":{"line":37,"column":69},"end":{"line":37,"column":70}},"loc":{"start":{"line":37,"column":87},"end":{"line":42,"column":11}},"line":37},"6":{"name":"(anonymous_6)","decl":{"start":{"line":44,"column":71},"end":{"line":44,"column":72}},"loc":{"start":{"line":44,"column":89},"end":{"line":49,"column":11}},"line":44}},"branchMap":{"0":{"loc":{"start":{"line":35,"column":8},"end":{"line":50,"column":9}},"type":"if","locations":[{"start":{"line":35,"column":8},"end":{"line":50,"column":9}},{"start":{"line":43,"column":15},"end":{"line":50,"column":9}}],"line":35},"1":{"loc":{"start":{"line":38,"column":12},"end":{"line":38,"column":34}},"type":"if","locations":[{"start":{"line":38,"column":12},"end":{"line":38,"column":34}},{"start":{},"end":{}}],"line":38},"2":{"loc":{"start":{"line":45,"column":14},"end":{"line":45,"column":36}},"type":"if","locations":[{"start":{"line":45,"column":14},"end":{"line":45,"column":36}},{"start":{},"end":{}}],"line":45}},"s":{"0":1,"1":1,"2":1,"3":1,"4":1,"5":1,"6":1,"7":0,"8":0,"9":1,"10":1,"11":0,"12":0,"13":0,"14":0,"15":0,"16":0,"17":0,"18":0,"19":0,"20":0,"21":0,"22":0,"23":0,"24":0,"25":0,"26":0,"27":0,"28":0,"29":0,"30":0,"31":0,"32":0,"33":0,"34":0,"35":0,"36":0,"37":1},"f":{"0":0,"1":0,"2":0,"3":0,"4":0,"5":0,"6":0},"b":{"0":[0,0],"1":[0,0],"2":[0,0]},"_coverageSchema":"1a1c01bbd47fc00a2c39e90264f33305004495a9","hash":"c6ab459db3cbb1da8935511f2962dcd38829f765"}
,"C:\\Users\\USER\\javascript-training\\week_6_part_1\\pay.js": {"path":"C:\\Users\\USER\\javascript-training\\week_6_part_1\\pay.js","statementMap":{"0":{"start":{"line":1,"column":16},"end":{"line":1,"column":34}},"1":{"start":{"line":2,"column":13},"end":{"line":2,"column":29}},"2":{"start":{"line":3,"column":19},"end":{"line":3,"column":41}},"3":{"start":{"line":4,"column":23},"end":{"line":4,"column":65}},"4":{"start":{"line":5,"column":14},"end":{"line":5,"column":30}},"5":{"start":{"line":6,"column":12},"end":{"line":6,"column":35}},"6":{"start":{"line":7,"column":13},"end":{"line":7,"column":28}},"7":{"start":{"line":8,"column":12},"end":{"line":8,"column":36}},"8":{"start":{"line":9,"column":0},"end":{"line":9,"column":27}},"9":{"start":{"line":11,"column":0},"end":{"line":11,"column":54}},"10":{"start":{"line":12,"column":0},"end":{"line":12,"column":29}},"11":{"start":{"line":13,"column":0},"end":{"line":13,"column":19}},"12":{"start":{"line":15,"column":15},"end":{"line":15,"column":39}},"13":{"start":{"line":17,"column":0},"end":{"line":20,"column":2}},"14":{"start":{"line":23,"column":0},"end":{"line":23,"column":29}},"15":{"start":{"line":24,"column":0},"end":{"line":24,"column":60}},"16":{"start":{"line":25,"column":0},"end":{"line":25,"column":40}},"17":{"start":{"line":26,"column":12},"end":{"line":26,"column":14}},"18":{"start":{"line":28,"column":0},"end":{"line":91,"column":2}},"19":{"start":{"line":30,"column":8},"end":{"line":30,"column":38}},"20":{"start":{"line":34,"column":4},"end":{"line":90,"column":5}},"21":{"start":{"line":35,"column":8},"end":{"line":35,"column":63}},"22":{"start":{"line":37,"column":8},"end":{"line":87,"column":18}},"23":{"start":{"line":38,"column":12},"end":{"line":86,"column":13}},"24":{"start":{"line":39,"column":16},"end":{"line":39,"column":28}},"25":{"start":{"line":41,"column":12},"end":{"line":41,"column":35}},"26":{"start":{"line":42,"column":12},"end":{"line":42,"column":216}},"27":{"start":{"line":43,"column":12},"end":{"line":43,"column":40}},"28":{"start":{"line":44,"column":30},"end":{"line":58,"column":17}},"29":{"start":{"line":59,"column":37},"end":{"line":68,"column":17}},"30":{"start":{"line":69,"column":33},"end":{"line":83,"column":18}},"31":{"start":{"line":71,"column":20},"end":{"line":81,"column":23}},"32":{"start":{"line":72,"column":38},"end":{"line":72,"column":54}},"33":{"start":{"line":73,"column":24},"end":{"line":75,"column":79}},"34":{"start":{"line":76,"column":28},"end":{"line":76,"column":56}},"35":{"start":{"line":78,"column":24},"end":{"line":80,"column":26}},"36":{"start":{"line":84,"column":16},"end":{"line":84,"column":58}},"37":{"start":{"line":85,"column":16},"end":{"line":85,"column":31}},"38":{"start":{"line":89,"column":12},"end":{"line":89,"column":65}},"39":{"start":{"line":92,"column":0},"end":{"line":92,"column":24}}},"fnMap":{"0":{"name":"(anonymous_0)","decl":{"start":{"line":29,"column":27},"end":{"line":29,"column":28}},"loc":{"start":{"line":29,"column":45},"end":{"line":31,"column":5}},"line":29},"1":{"name":"(anonymous_1)","decl":{"start":{"line":33,"column":44},"end":{"line":33,"column":45}},"loc":{"start":{"line":33,"column":67},"end":{"line":91,"column":1}},"line":33},"2":{"name":"(anonymous_2)","decl":{"start":{"line":37,"column":48},"end":{"line":37,"column":49}},"loc":{"start":{"line":37,"column":63},"end":{"line":87,"column":17}},"line":37},"3":{"name":"(anonymous_3)","decl":{"start":{"line":69,"column":61},"end":{"line":69,"column":62}},"loc":{"start":{"line":69,"column":80},"end":{"line":83,"column":17}},"line":69},"4":{"name":"(anonymous_4)","decl":{"start":{"line":71,"column":40},"end":{"line":71,"column":41}},"loc":{"start":{"line":71,"column":56},"end":{"line":81,"column":21}},"line":71}},"branchMap":{"0":{"loc":{"start":{"line":38,"column":12},"end":{"line":86,"column":13}},"type":"if","locations":[{"start":{"line":38,"column":12},"end":{"line":86,"column":13}},{"start":{"line":40,"column":19},"end":{"line":86,"column":13}}],"line":38}},"s":{"0":1,"1":1,"2":1,"3":1,"4":1,"5":1,"6":1,"7":1,"8":1,"9":1,"10":1,"11":1,"12":1,"13":1,"14":1,"15":1,"16":1,"17":1,"18":1,"19":0,"20":0,"21":0,"22":0,"23":0,"24":0,"25":0,"26":0,"27":0,"28":0,"29":0,"30":0,"31":0,"32":0,"33":0,"34":0,"35":0,"36":0,"37":0,"38":0,"39":1},"f":{"0":0,"1":0,"2":0,"3":0,"4":0},"b":{"0":[0,0]},"_coverageSchema":"1a1c01bbd47fc00a2c39e90264f33305004495a9","hash":"4e985d2e97ae3f26e024db4f2f7c8569d9b038a9"}
,"C:\\Users\\USER\\javascript-training\\week_6_part_1\\sign.js": {"path":"C:\\Users\\USER\\javascript-training\\week_6_part_1\\sign.js","statementMap":{"0":{"start":{"line":1,"column":14},"end":{"line":1,"column":32}},"1":{"start":{"line":2,"column":13},"end":{"line":2,"column":29}},"2":{"start":{"line":3,"column":17},"end":{"line":3,"column":39}},"3":{"start":{"line":4,"column":23},"end":{"line":4,"column":65}},"4":{"start":{"line":5,"column":12},"end":{"line":5,"column":35}},"5":{"start":{"line":6,"column":15},"end":{"line":6,"column":34}},"6":{"start":{"line":7,"column":12},"end":{"line":7,"column":36}},"7":{"start":{"line":8,"column":13},"end":{"line":8,"column":28}},"8":{"start":{"line":9,"column":0},"end":{"line":9,"column":27}},"9":{"start":{"line":12,"column":0},"end":{"line":12,"column":54}},"10":{"start":{"line":13,"column":0},"end":{"line":13,"column":29}},"11":{"start":{"line":14,"column":0},"end":{"line":14,"column":19}},"12":{"start":{"line":15,"column":0},"end":{"line":62,"column":8}},"13":{"start":{"line":17,"column":8},"end":{"line":17,"column":36}},"14":{"start":{"line":20,"column":23},"end":{"line":20,"column":40}},"15":{"start":{"line":21,"column":23},"end":{"line":21,"column":40}},"16":{"start":{"line":22,"column":20},"end":{"line":22,"column":34}},"17":{"start":{"line":23,"column":26},"end":{"line":23,"column":60}},"18":{"start":{"line":24,"column":6},"end":{"line":24,"column":33}},"19":{"start":{"line":25,"column":6},"end":{"line":32,"column":8}},"20":{"start":{"line":26,"column":8},"end":{"line":31,"column":9}},"21":{"start":{"line":27,"column":10},"end":{"line":27,"column":115}},"22":{"start":{"line":28,"column":10},"end":{"line":28,"column":34}},"23":{"start":{"line":30,"column":10},"end":{"line":30,"column":45}},"24":{"start":{"line":36,"column":8},"end":{"line":36,"column":36}},"25":{"start":{"line":40,"column":8},"end":{"line":61,"column":10}},"26":{"start":{"line":41,"column":10},"end":{"line":60,"column":11}},"27":{"start":{"line":42,"column":12},"end":{"line":42,"column":51}},"28":{"start":{"line":44,"column":30},"end":{"line":44,"column":49}},"29":{"start":{"line":45,"column":29},"end":{"line":45,"column":86}},"30":{"start":{"line":46,"column":25},"end":{"line":50,"column":13}},"31":{"start":{"line":51,"column":24},"end":{"line":51,"column":64}},"32":{"start":{"line":52,"column":12},"end":{"line":59,"column":17}},"33":{"start":{"line":53,"column":18},"end":{"line":56,"column":20}},"34":{"start":{"line":58,"column":18},"end":{"line":58,"column":55}},"35":{"start":{"line":64,"column":6},"end":{"line":74,"column":9}},"36":{"start":{"line":65,"column":6},"end":{"line":73,"column":7}},"37":{"start":{"line":66,"column":20},"end":{"line":66,"column":69}},"38":{"start":{"line":67,"column":22},"end":{"line":69,"column":10}},"39":{"start":{"line":68,"column":10},"end":{"line":68,"column":44}},"40":{"start":{"line":72,"column":10},"end":{"line":72,"column":63}},"41":{"start":{"line":76,"column":8},"end":{"line":76,"column":32}}},"fnMap":{"0":{"name":"(anonymous_0)","decl":{"start":{"line":16,"column":30},"end":{"line":16,"column":31}},"loc":{"start":{"line":16,"column":43},"end":{"line":18,"column":9}},"line":16},"1":{"name":"(anonymous_1)","decl":{"start":{"line":19,"column":43},"end":{"line":19,"column":44}},"loc":{"start":{"line":19,"column":56},"end":{"line":34,"column":7}},"line":19},"2":{"name":"(anonymous_2)","decl":{"start":{"line":25,"column":62},"end":{"line":25,"column":63}},"loc":{"start":{"line":25,"column":83},"end":{"line":32,"column":7}},"line":25},"3":{"name":"(anonymous_3)","decl":{"start":{"line":35,"column":30},"end":{"line":35,"column":31}},"loc":{"start":{"line":35,"column":43},"end":{"line":37,"column":9}},"line":35},"4":{"name":"(anonymous_4)","decl":{"start":{"line":39,"column":44},"end":{"line":39,"column":45}},"loc":{"start":{"line":39,"column":57},"end":{"line":62,"column":7}},"line":39},"5":{"name":"(anonymous_5)","decl":{"start":{"line":40,"column":73},"end":{"line":40,"column":74}},"loc":{"start":{"line":40,"column":94},"end":{"line":61,"column":9}},"line":40},"6":{"name":"(anonymous_6)","decl":{"start":{"line":64,"column":34},"end":{"line":64,"column":35}},"loc":{"start":{"line":64,"column":59},"end":{"line":74,"column":7}},"line":64},"7":{"name":"(anonymous_7)","decl":{"start":{"line":67,"column":62},"end":{"line":67,"column":63}},"loc":{"start":{"line":67,"column":77},"end":{"line":69,"column":9}},"line":67}},"branchMap":{"0":{"loc":{"start":{"line":26,"column":8},"end":{"line":31,"column":9}},"type":"if","locations":[{"start":{"line":26,"column":8},"end":{"line":31,"column":9}},{"start":{"line":29,"column":15},"end":{"line":31,"column":9}}],"line":26},"1":{"loc":{"start":{"line":41,"column":10},"end":{"line":60,"column":11}},"type":"if","locations":[{"start":{"line":41,"column":10},"end":{"line":60,"column":11}},{"start":{"line":43,"column":17},"end":{"line":60,"column":11}}],"line":41},"2":{"loc":{"start":{"line":52,"column":12},"end":{"line":59,"column":17}},"type":"if","locations":[{"start":{"line":52,"column":12},"end":{"line":59,"column":17}},{"start":{"line":57,"column":23},"end":{"line":59,"column":17}}],"line":52}},"s":{"0":1,"1":1,"2":1,"3":1,"4":1,"5":1,"6":1,"7":1,"8":1,"9":1,"10":1,"11":1,"12":1,"13":0,"14":0,"15":0,"16":0,"17":0,"18":0,"19":0,"20":0,"21":0,"22":0,"23":0,"24":0,"25":2,"26":2,"27":0,"28":0,"29":0,"30":0,"31":0,"32":0,"33":0,"34":0,"35":1,"36":0,"37":0,"38":0,"39":0,"40":0,"41":1},"f":{"0":0,"1":0,"2":0,"3":0,"4":2,"5":2,"6":0,"7":0},"b":{"0":[0,0],"1":[0,0],"2":[0,0]},"_coverageSchema":"1a1c01bbd47fc00a2c39e90264f33305004495a9","hash":"de8da45dcda4280418fde4ccc545486fc730c494"}
}
